[prun] Master compute host = cs-comet14
[prun] Resource manager = slurm
[prun] Launch cmd = srun --mpi=pmi2 ./van_eck 2000 (family=impi)
length = 2
number of arguments = 2
length = 2
number of arguments = 2
length = 2
number of arguments = 2
length = 2
number of arguments = 2
length = 2
number of arguments = 2
length = 2
number of arguments = 2
length = 2
number of arguments = 2
length = 2
number of arguments = 2
length = 2
number of arguments = 2
length = 2
number of arguments = 2
length = 2
number of arguments = 2
length = 2
number of arguments = 2
length = 2
number of arguments = 2
length = 2
number of arguments = 2
length = 2
number of arguments = 2
length = 2
number of arguments = 2
length = 2
number of arguments = 2
length = 2
number of arguments = 2
length = 2
number of arguments = 2
length = 2
number of arguments = 2

sequence: 0, 0, 