[prun] Master compute host = cs-comet14
[prun] Resource manager = slurm
[prun] Launch cmd = srun --mpi=pmi2 ./van_eck 2000 (family=impi)
length = 2000
number of arguments = 2
length = 2000
number of arguments = 2
length = 2000
number of arguments = 2
length = 2000
number of arguments = 2
length = 2000
number of arguments = 2
length = 2000
number of arguments = 2
length = 2000
number of arguments = 2
length = 2000
number of arguments = 2
length = 2000
number of arguments = 2
length = 2000
number of arguments = 2
length = 2000
number of arguments = 2
length = 2000
number of arguments = 2
length = 2000
number of arguments = 2
length = 2000
number of arguments = 2
length = 2000
number of arguments = 2
length = 2000
number of arguments = 2
length = 2000
number of arguments = 2
length = 2000
number of arguments = 2
length = 2000
number of arguments = 2
length = 2000
number of arguments = 2

sequence: 0, 0, 1, 0, 2, 0, 2, 2, 1, 6, 0, 5, 0, 2, 6, 5, 4, 0, 5, 3, 0, 3, 2, 9, 0, 4, 9, 3, 6, 14, 0, 6, 3, 5, 15, 0, 5, 3, 5, 2, 17, 0, 6, 11, 0, 3, 8, 0, 3, 3, 1, 42, 0, 5, 15, 20, 0, 4, 32, 0, 3, 11, 18, 0, 4, 7, 0, 3, 7, 3, 2, 31, 0, 6, 31, 3, 6, 3, 2, 8, 33, 0, 9, 56, 0, 3, 8, 7, 19, 0, 5, 37, 0, 3, 8, 8, 1, 46, 0, 6, 23, 0, 3, 9, 21, 0, 4, 42, 56, 25, 0, 5, 21, 8, 18, 52, 0, 6, 18, 4, 13, 0, 5, 11, 62, 0, 4, 7, 40, 0, 4, 4, 1, 36, 0, 5, 13, 16, 0, 4, 8, 27, 0, 4, 4, 1, 13, 10, 0, 6, 32, 92, 0, 4, 9, 51, 0, 4, 4, 1, 14, 131, 0, 6, 14, 4, 7, 39, 0, 6, 6, 1, 12, 0, 5, 39, 8, 36, 44, 0, 6, 10, 34, 0, 4, 19, 97, 0, 4, 4, 1, 19, 6, 12, 21, 82, 0, 9, 43, 0, 3, 98, 0, 3, 3, 1, 15, 152, 0, 6, 17, 170, 0, 4, 24, 0, 3, 12, 24, 4, 6, 11, 98, 21, 29, 0, 10, 45, 0, 3, 13, 84, 0, 4, 14, 70, 0, 4, 4, 1, 34, 58, 0, 6, 23, 144, 0, 4, 9, 51, 94, 0, 5, 78, 0, 3, 26, 0, 3, 3, 1, 21, 38, 0, 6, 21, 4, 19, 76, 0, 6, 6, 1, 12, 56, 166, 0, 7, 111, 0, 3, 21, 16, 145, 0, 5, 33, 206, 0, 4, 23, 46, 194, 0, 5, 9, 47, 0, 4, 9, 4, 2, 223, 0, 6, 33, 19, 39, 132, 0, 6, 6, 1, 40, 185, 0, 6, 5, 23, 28, 0, 5, 4, 22, 0, 4, 3, 46, 36, 151, 0, 6, 15, 126, 0, 4, 10, 110, 0, 4, 4, 1, 29, 118, 0, 6, 14, 112, 0, 4, 9, 51, 102, 0, 5, 33, 50, 0, 4, 9, 9, 1, 20, 307, 0, 7, 88, 0, 3, 42, 262, 0, 4, 14, 27, 233, 0, 5, 23, 60, 0, 4, 9, 22, 60, 5, 8, 210, 0, 8, 3, 22, 8, 3, 3, 1, 34, 156, 0, 10, 63, 0, 3, 8, 11, 183, 0, 5, 22, 17, 199, 0, 5, 5, 1, 19, 109, 0, 6, 73, 0, 3, 19, 7, 58, 183, 20, 64, 0, 8, 26, 174, 0, 4, 52, 319, 0, 4, 4, 1, 25, 331, 0, 6, 25, 4, 7, 23, 69, 0, 7, 4, 6, 9, 71, 0, 6, 4, 6, 2, 158, 0, 6, 4, 6, 2, 6, 2, 2, 1, 30, 0, 10, 73, 54, 0, 4, 13, 247, 0, 4, 4, 1, 13, 6, 18, 367, 0, 8, 59, 0, 3, 70, 257, 0, 4, 14, 123, 0, 4, 4, 1, 19, 80, 0, 6, 21, 225, 0, 4, 9, 57, 0, 4, 4, 1, 14, 20, 91, 0, 7, 70, 29, 180, 0, 5, 112, 179, 0, 4, 15, 198, 0, 4, 4, 1, 20, 19, 35, 0, 7, 20, 5, 17, 134, 0, 6, 41, 0, 3, 58, 126, 218, 0, 5, 12, 282, 0, 4, 24, 341, 0, 4, 4, 1, 29, 43, 368, 0, 7, 29, 5, 17, 29, 3, 25, 131, 415, 0, 10, 107, 0, 3, 8, 95, 0, 4, 23, 140, 0, 4, 4, 1, 28, 274, 0, 6, 50, 241, 0, 4, 9, 91, 84, 372, 0, 6, 10, 28, 15, 79, 0, 6, 6, 1, 22, 207, 0, 6, 5, 48, 0, 4, 22, 8, 41, 78, 373, 0, 7, 60, 246, 0, 4, 11, 230, 0, 4, 4, 1, 25, 65, 0, 6, 25, 4, 7, 17, 75, 0, 7, 4, 6, 9, 52, 220, 0, 7, 7, 1, 20, 119, 0, 6, 11, 30, 195, 0, 5, 49, 0, 3, 89, 0, 3, 3, 1, 17, 30, 13, 196, 0, 8, 58, 133, 0, 4, 35, 149, 0, 4, 4, 1, 16, 411, 0, 6, 33, 342, 0, 4, 9, 48, 82, 508, 0, 6, 10, 100, 0, 4, 10, 4, 2, 245, 0, 6, 10, 6, 2, 6, 2, 2, 1, 31, 650, 0, 11, 63, 328, 0, 4, 19, 195, 67, 0, 5, 68, 0, 3, 64, 313, 0, 4, 12, 189, 0, 4, 4, 1, 26, 320, 0, 6, 33, 57, 244, 0, 5, 22, 136, 0, 4, 14, 247, 286, 0, 5, 9, 67, 35, 83, 0, 6, 20, 114, 0, 4, 15, 169, 0, 4, 4, 1, 34, 388, 0, 6, 14, 25, 145, 507, 0, 6, 6, 1, 12, 52, 143, 0, 7, 142, 0, 3, 64, 64, 1, 11, 80, 305, 0, 8, 129, 0, 3, 11, 8, 5, 50, 221, 0, 7, 21, 316, 0, 4, 43, 260, 0, 4, 4, 1, 25, 43, 7, 13, 156, 439, 0, 10, 122, 0, 3, 28, 235, 0, 4, 16, 154, 0, 4, 4, 1, 21, 31, 130, 0, 7, 23, 271, 0, 4, 10, 23, 5, 47, 569, 0, 7, 11, 54, 396, 0, 5, 9, 106, 0, 4, 16, 31, 25, 48, 179, 355, 0, 8, 69, 438, 0, 4, 12, 94, 641, 0, 5, 21, 42, 527, 0, 5, 5, 1, 49, 233, 528, 0, 7, 38, 645, 0, 4, 21, 16, 34, 129, 102, 563, 0, 8, 33, 165, 0, 4, 12, 33, 5, 25, 46, 600, 0, 8, 12, 8, 2, 211, 0, 6, 142, 136, 178, 0, 5, 16, 30, 265, 0, 5, 5, 1, 47, 84, 347, 0, 7, 47, 5, 8, 24, 398, 0, 7, 7, 1, 14, 175, 0, 6, 30, 24, 11, 100, 262, 601, 0, 8, 18, 490, 0, 4, 56, 705, 0, 4, 4, 1, 22, 226, 0, 6, 22, 4, 7, 30, 25, 67, 225, 488, 0, 10, 136, 61, 0, 4, 12, 72, 0, 4, 4, 1, 24, 41, 385, 0, 7, 22, 25, 22, 2, 84, 68, 282, 464, 0, 10, 25, 9, 151, 697, 0, 6, 41, 20, 257, 539, 0, 6, 6, 1, 29, 465, 0, 6, 5, 87, 0, 4, 38, 139, 0, 4, 4, 1, 14, 89, 381, 0, 7, 43, 224, 0, 4, 10, 38, 16, 121, 0, 6, 25, 43, 11, 100, 100, 1, 21, 162, 0, 10, 15, 299, 0, 4, 20, 50, 264, 0, 5, 43, 18, 112, 562, 0, 6, 25, 25, 1, 22, 79, 486, 0, 8, 125, 0, 3, 260, 276, 0, 4, 26, 357, 0, 4, 4, 1, 18, 26, 7, 59, 627, 0, 9, 94, 229, 0, 4, 12, 121, 61, 126, 576, 0, 7, 15, 54, 262, 162, 60, 505, 0, 8, 39, 832, 0, 4, 19, 411, 450, 0, 5, 62, 1024, 0, 4, 9, 33, 229, 33, 2, 139, 110, 821, 0, 10, 85, 0, 3, 62, 17, 489, 0, 5, 22, 75, 523, 0, 5, 5, 1, 64, 372, 574, 0, 7, 51, 831, 0, 4, 34, 273, 0, 4, 4, 1, 15, 61, 67, 200, 0, 8, 59, 82, 496, 0, 5, 27, 829, 0, 4, 16, 144, 963, 0, 5, 9, 60, 78, 588, 0, 6, 126, 91, 617, 0, 5, 11, 154, 376, 0, 5, 5, 1, 38, 168, 0, 6, 16, 27, 32, 1086, 0, 6, 6, 1, 12, 118, 900, 0, 7, 65, 606, 0, 4, 44, 1073, 0, 4, 4, 1, 15, 65, 11, 36, 932, 0, 9, 51, 82, 66, 0, 5, 40, 956, 0, 4, 17, 107, 694, 0, 5, 9, 15, 22, 110, 123, 785, 0, 8, 88, 920, 0, 4, 17, 17, 1, 36, 33, 139, 138, 0, 9, 20, 218, 748, 0, 5, 26, 190, 0, 4, 18, 195, 576, 182, 0, 6, 73, 841, 0, 4, 10, 157, 0, 4, 4, 1, 31, 445, 0, 6, 14, 276, 225, 335, 0, 6, 6, 1, 12, 94, 217, 0, 7, 94, 4, 20, 44, 93, 0, 7, 7, 1, 14, 22, 71, 898, 0, 8, 70, 835, 0, 4, 17, 69, 475, 0, 5, 61, 172, 0, 4, 9, 71, 18, 63, 644, 0, 7, 27, 141, 0, 4, 11, 121, 256, 0, 5, 20, 42, 490, 411, 244, 633, 0, 8, 37, 1302, 0, 4, 17, 37, 5, 15, 121, 20, 17, 6, 70, 49, 504, 0, 13, 574, 231, 0, 4, 17, 11, 35, 646, 0, 6, 15, 20, 19, 279, 0, 6, 6, 1, 78, 214, 0, 6, 5, 33, 139, 139, 1, 9, 68, 419, 0, 10, 123, 160, 0, 4, 32, 210, 1060, 0, 5, 18, 80, 644, 80, 2, 299, 378, 0, 9, 22, 109, 1045, 0, 5, 14, 115, 0, 4, 23, 606, 222, 0, 5, 9, 15, 55, 0, 5, 5, 1, 44, 137, 0, 6, 53, 0, 3, 323, 0, 3, 3, 1, 12, 157, 175, 531, 0, 8, 106, 624, 0, 4, 34, 317, 0, 4, 4, 1, 16, 275, 0, 6, 28, 670, 0, 4, 9, 43, 432, 0, 5, 42, 136, 524, 0, 5, 5, 1, 20, 108, 0, 6, 20, 4, 18, 84, 518, 0, 7, 164, 0, 3, 51, 279, 121, 144, 338, 0, 7, 10, 109, 90, 0, 5, 27, 179, 674, 0, 5, 5, 1, 33, 129, 649, 0, 7, 17, 153, 0, 4, 36, 278, 0, 4, 4, 1, 15, 102, 663, 0, 7, 15, 5, 23, 115, 119, 925, 0, 8, 91, 371, 0, 4, 18, 59, 397, 0, 5, 15, 17, 33, 39, 463, 0, 7, 24, 597, 0, 4, 16, 101, 0, 4, 4, 1, 39, 14, 152, 1411, 0, 8, 32, 176, 0, 4, 11, 211, 693, 0, 5, 32, 9, 115, 48, 753, 0, 7, 32, 7, 2, 185, 1327, 0, 7, 5, 15, 47, 693, 20, 116, 0, 8, 31, 329, 0, 4, 31, 4, 2, 19, 238, 0, 7, 19, 4, 7, 3, 125, 568, 0, 8, 19, 8, 2, 15, 29, 638, 0, 8, 6, 148, 0, 4, 18, 90, 133, 1002, 0, 6, 9, 58, 1008, 0, 5, 49, 289, 0, 4, 15, 24, 94, 360, 0, 6, 15, 6, 2, 33, 107, 435, 0, 8, 33, 5, 20, 66, 450, 572, 0, 8, 8, 1, 107, 14, 107, 2, 19, 55, 252, 0, 11, 105, 0, 3, 67, 541, 0, 4, 40, 470, 0, 4, 4, 1, 22, 285, 0, 6, 42, 227, 0, 4, 9, 63, 382, 0, 5, 43, 240, 0, 4, 9, 9, 1, 20, 50, 684, 0, 8, 48, 136, 248, 0, 5, 17, 175, 281, 0, 5, 5, 1, 17, 7, 117, 0, 7, 3, 53, 303, 0, 5, 11, 61, 428, 0, 5, 5, 1, 17, 17, 1, 3, 15, 98, 1582, 0, 11, 15, 5, 12, 317, 307, 1449, 0, 8, 46, 889, 0, 4, 58, 129, 258, 0, 5, 15, 17, 26, 523, 656, 0, 7, 45, 1605, 0, 4, 16, 226, 851, 0, 5, 16, 5, 2, 117, 60, 632, 0, 8, 33, 136, 79, 755, 0, 6, 106, 356, 0, 4, 23, 275, 350, 0, 5, 21, 791, 0, 4, 9, 105, 137, 388, 1086, 635, 0, 8, 27, 321, 0, 4, 12, 70, 476, 0, 5, 21, 21, 1, 86, 0, 6, 36, 320, 1141, 0, 5, 11, 89, 844, 0, 5, 5, 1, 15, 78, 476, 23, 47, 260, 805, 0, 11, 15, 9, 45, 82, 650, 1191, 0, 8, 44, 439, 1084, 0, 5, 23, 19, 199, 1517, 0, 6, 40, 192, 0, 4, 55, 207, 1320, 0, 5, 15, 28, 428, 148, 262, 811, 0, 8, 28, 7, 118, 707, 0, 6, 23, 29, 279, 412, 0, 6, 6, 1, 59, 367, 1477, 0, 7, 17, 141, 591, 0, 5, 32, 334, 0, 4, 41, 946, 0, 4, 4, 1, 20, 217, 645, 1076, 0, 8, 40, 57, 1234, 0, 5, 21, 107, 269, 0, 5, 5, 1, 